C000           JMPa 4C       absolute   A:0 X:0 Y:0 P:75 SP:FD
C5F5            LDX A2      immediate   A:0 X:0 Y:0 P:75 SP:FD
C5F7            STX 86       zeropage   A:0 X:0 Y:0 P:77 SP:FD
C5F9            STX 86       zeropage   A:0 X:0 Y:0 P:77 SP:FD
C5FB            STX 86       zeropage   A:0 X:0 Y:0 P:77 SP:FD
C5FD            JSR 20       absolute   A:0 X:0 Y:0 P:77 SP:FD
C72D            NOP EA        implied   A:0 X:0 Y:0 P:77 SP:FB
C72E            SEC 38        implied   A:0 X:0 Y:0 P:77 SP:FB
C72F            BCS B0      immediate   A:0 X:0 Y:0 P:77 SP:FB
C735            NOP EA        implied   A:0 X:0 Y:0 P:77 SP:FB
C736            CLC 18        implied   A:0 X:0 Y:0 P:77 SP:FB
C737            BCS B0      immediate   A:0 X:0 Y:0 P:76 SP:FB
C739           JMPa 4C       absolute   A:0 X:0 Y:0 P:76 SP:FB
C740            NOP EA        implied   A:0 X:0 Y:0 P:76 SP:FB
C741            SEC 38        implied   A:0 X:0 Y:0 P:76 SP:FB
C742            BCC 90      immediate   A:0 X:0 Y:0 P:77 SP:FB
C744           JMPa 4C       absolute   A:0 X:0 Y:0 P:77 SP:FB
C74B            NOP EA        implied   A:0 X:0 Y:0 P:77 SP:FB
C74C            CLC 18        implied   A:0 X:0 Y:0 P:77 SP:FB
C74D            BCC 90      immediate   A:0 X:0 Y:0 P:76 SP:FB
C753            NOP EA        implied   A:0 X:0 Y:0 P:76 SP:FB
C754            LDA A9      immediate   A:0 X:0 Y:0 P:76 SP:FB
C756            BEQ F0      immediate   A:0 X:0 Y:0 P:76 SP:FB
C75C            NOP EA        implied   A:0 X:0 Y:0 P:76 SP:FB
C75D            LDA A9      immediate   A:0 X:0 Y:0 P:76 SP:FB
C75F            BEQ F0      immediate   A:40 X:0 Y:0 P:74 SP:FB
C761           JMPa 4C       absolute   A:40 X:0 Y:0 P:74 SP:FB
C768            NOP EA        implied   A:40 X:0 Y:0 P:74 SP:FB
C769            LDA A9      immediate   A:40 X:0 Y:0 P:74 SP:FB
C76B            BNE D0      immediate   A:40 X:0 Y:0 P:74 SP:FB
C771            NOP EA        implied   A:40 X:0 Y:0 P:74 SP:FB
C772            LDA A9      immediate   A:40 X:0 Y:0 P:74 SP:FB
C774            BNE D0      immediate   A:0 X:0 Y:0 P:76 SP:FB
C776           JMPa 4C       absolute   A:0 X:0 Y:0 P:76 SP:FB
C77D            NOP EA        implied   A:0 X:0 Y:0 P:76 SP:FB
C77E            LDA A9      immediate   A:0 X:0 Y:0 P:76 SP:FB
C780            STA 85       zeropage   A:FF X:0 Y:0 P:F4 SP:FB
C782            BIT 24       zeropage   A:FF X:0 Y:0 P:F4 SP:FB
C784            BVS 70      immediate   A:FF X:0 Y:0 P:F4 SP:FB
C78A            NOP EA        implied   A:FF X:0 Y:0 P:F4 SP:FB
C78B            BIT 24       zeropage   A:FF X:0 Y:0 P:F4 SP:FB
C78D            BVC 50      immediate   A:FF X:0 Y:0 P:F4 SP:FB
C78F           JMPa 4C       absolute   A:FF X:0 Y:0 P:F4 SP:FB
C796            NOP EA        implied   A:FF X:0 Y:0 P:F4 SP:FB
C797            LDA A9      immediate   A:FF X:0 Y:0 P:F4 SP:FB
C799            STA 85       zeropage   A:0 X:0 Y:0 P:76 SP:FB
C79B            BIT 24       zeropage   A:0 X:0 Y:0 P:76 SP:FB
C79D            BVC 50      immediate   A:0 X:0 Y:0 P:36 SP:FB
C7A3            NOP EA        implied   A:0 X:0 Y:0 P:36 SP:FB
C7A4            BIT 24       zeropage   A:0 X:0 Y:0 P:36 SP:FB
C7A6            BVS 70      immediate   A:0 X:0 Y:0 P:36 SP:FB
C7A8           JMPa 4C       absolute   A:0 X:0 Y:0 P:36 SP:FB
C7AF            NOP EA        implied   A:0 X:0 Y:0 P:36 SP:FB
C7B0            LDA A9      immediate   A:0 X:0 Y:0 P:36 SP:FB
C7B2            BPL 10      immediate   A:0 X:0 Y:0 P:36 SP:FB
C7B8            NOP EA        implied   A:0 X:0 Y:0 P:36 SP:FB
C7B9            LDA A9      immediate   A:0 X:0 Y:0 P:36 SP:FB
C7BB            BPL 10      immediate   A:80 X:0 Y:0 P:B4 SP:FB
C7BD           JMPa 4C       absolute   A:80 X:0 Y:0 P:B4 SP:FB
C7D9            NOP EA        implied   A:80 X:0 Y:0 P:B4 SP:FB
C7DA            RTS 60        implied   A:80 X:0 Y:0 P:B4 SP:FB
C600            JSR 20       absolute   A:80 X:0 Y:0 P:B4 SP:FD
C7DB            NOP EA        implied   A:80 X:0 Y:0 P:B4 SP:FB
C7DC            LDA A9      immediate   A:80 X:0 Y:0 P:B4 SP:FB
C7DE            STA 85       zeropage   A:FF X:0 Y:0 P:B4 SP:FB
C7E0            BIT 24       zeropage   A:FF X:0 Y:0 P:B4 SP:FB
C7E2            LDA A9      immediate   A:FF X:0 Y:0 P:F4 SP:FB
C7E4            SEC 38        implied   A:0 X:0 Y:0 P:76 SP:FB
C7E5            SEI 78        implied   A:0 X:0 Y:0 P:77 SP:FB
C7E6            SED F8        implied   A:0 X:0 Y:0 P:77 SP:FB
C7E7            PHP 8        implied   A:0 X:0 Y:0 P:7F SP:FB
C7E8            PLA 68        implied   A:0 X:0 Y:0 P:7F SP:FA
C7E9            AND 29      immediate   A:7F X:0 Y:0 P:7D SP:FB
C7EB            CMP C9      immediate   A:6F X:0 Y:0 P:7D SP:FB
C7ED            BEQ F0      immediate   A:6F X:0 Y:0 P:7F SP:FB
C7F3            NOP EA        implied   A:6F X:0 Y:0 P:7F SP:FB
C7F4            LDA A9      immediate   A:6F X:0 Y:0 P:7F SP:FB
C7F6            STA 85       zeropage   A:40 X:0 Y:0 P:7D SP:FB
C7F8            BIT 24       zeropage   A:40 X:0 Y:0 P:7D SP:FB
C7FA            CLD D8        implied   A:40 X:0 Y:0 P:7D SP:FB
C7FB            LDA A9      immediate   A:40 X:0 Y:0 P:75 SP:FB
C7FD            CLC 18        implied   A:10 X:0 Y:0 P:75 SP:FB
C7FE            PHP 8        implied   A:10 X:0 Y:0 P:74 SP:FB
C7FF            PLA 68        implied   A:10 X:0 Y:0 P:74 SP:FA
C800            AND 29      immediate   A:74 X:0 Y:0 P:74 SP:FB
C802            CMP C9      immediate   A:64 X:0 Y:0 P:74 SP:FB
C804            BEQ F0      immediate   A:64 X:0 Y:0 P:77 SP:FB
C80A            NOP EA        implied   A:64 X:0 Y:0 P:77 SP:FB
C80B            LDA A9      immediate   A:64 X:0 Y:0 P:77 SP:FB
C80D            STA 85       zeropage   A:80 X:0 Y:0 P:F5 SP:FB
C80F            BIT 24       zeropage   A:80 X:0 Y:0 P:F5 SP:FB
C811            SED F8        implied   A:80 X:0 Y:0 P:B5 SP:FB
C812            LDA A9      immediate   A:80 X:0 Y:0 P:BD SP:FB
C814            SEC 38        implied   A:0 X:0 Y:0 P:3F SP:FB
C815            PHP 8        implied   A:0 X:0 Y:0 P:3F SP:FB
C816            PLA 68        implied   A:0 X:0 Y:0 P:3F SP:FA
C817            AND 29      immediate   A:3F X:0 Y:0 P:3D SP:FB
C819            CMP C9      immediate   A:2F X:0 Y:0 P:3D SP:FB
C81B            BEQ F0      immediate   A:2F X:0 Y:0 P:3F SP:FB
C821            NOP EA        implied   A:2F X:0 Y:0 P:3F SP:FB
C822            LDA A9      immediate   A:2F X:0 Y:0 P:3F SP:FB
C824            PHA 48        implied   A:FF X:0 Y:0 P:BD SP:FB
C825            PLP 28        implied   A:FF X:0 Y:0 P:BD SP:FA
C826            BNE D0      immediate   A:FF X:0 Y:0 P:FF SP:FB
C828            BPL 10      immediate   A:FF X:0 Y:0 P:FF SP:FB
C82A            BVC 50      immediate   A:FF X:0 Y:0 P:FF SP:FB
C82C            BCC 90      immediate   A:FF X:0 Y:0 P:FF SP:FB
C82E           JMPa 4C       absolute   A:FF X:0 Y:0 P:FF SP:FB
C835            NOP EA        implied   A:FF X:0 Y:0 P:FF SP:FB
C836            LDA A9      immediate   A:FF X:0 Y:0 P:FF SP:FB
C838            PHA 48        implied   A:4 X:0 Y:0 P:7D SP:FB
C839            PLP 28        implied   A:4 X:0 Y:0 P:7D SP:FA
C83A            BEQ F0      immediate   A:4 X:0 Y:0 P:4 SP:FB
C83C            BMI 30      immediate   A:4 X:0 Y:0 P:4 SP:FB
C83E            BVS 70      immediate   A:4 X:0 Y:0 P:4 SP:FB
C840            BCS B0      immediate   A:4 X:0 Y:0 P:4 SP:FB
C842           JMPa 4C       absolute   A:4 X:0 Y:0 P:4 SP:FB
C849            NOP EA        implied   A:4 X:0 Y:0 P:4 SP:FB
C84A            SED F8        implied   A:4 X:0 Y:0 P:4 SP:FB
C84B            LDA A9      immediate   A:4 X:0 Y:0 P:C SP:FB
C84D            STA 85       zeropage   A:FF X:0 Y:0 P:8C SP:FB
C84F            BIT 24       zeropage   A:FF X:0 Y:0 P:8C SP:FB
C851            CLC 18        implied   A:FF X:0 Y:0 P:CC SP:FB
C852            LDA A9      immediate   A:FF X:0 Y:0 P:CC SP:FB
C854            PHA 48        implied   A:0 X:0 Y:0 P:4E SP:FB
C855            LDA A9      immediate   A:0 X:0 Y:0 P:4E SP:FA
C857            PLA 68        implied   A:FF X:0 Y:0 P:CC SP:FA
C858            BNE D0      immediate   A:0 X:0 Y:0 P:4E SP:FB
C85A            BMI 30      immediate   A:0 X:0 Y:0 P:4E SP:FB
C85C            BVC 50      immediate   A:0 X:0 Y:0 P:4E SP:FB
C85E            BCS B0      immediate   A:0 X:0 Y:0 P:4E SP:FB
C860           JMPa 4C       absolute   A:0 X:0 Y:0 P:4E SP:FB
C867            NOP EA        implied   A:0 X:0 Y:0 P:4E SP:FB
C868            LDA A9      immediate   A:0 X:0 Y:0 P:4E SP:FB
C86A            STA 85       zeropage   A:0 X:0 Y:0 P:4E SP:FB
C86C            BIT 24       zeropage   A:0 X:0 Y:0 P:4E SP:FB
C86E            SEC 38        implied   A:0 X:0 Y:0 P:E SP:FB
C86F            LDA A9      immediate   A:0 X:0 Y:0 P:F SP:FB
C871            PHA 48        implied   A:FF X:0 Y:0 P:8D SP:FB
C872            LDA A9      immediate   A:FF X:0 Y:0 P:8D SP:FA
C874            PLA 68        implied   A:0 X:0 Y:0 P:F SP:FA
C875            BEQ F0      immediate   A:FF X:0 Y:0 P:8D SP:FB
C877            BPL 10      immediate   A:FF X:0 Y:0 P:8D SP:FB
C879            BVS 70      immediate   A:FF X:0 Y:0 P:8D SP:FB
C87B            BCC 90      immediate   A:FF X:0 Y:0 P:8D SP:FB
